<?xml version="1.0" encoding="UTF-8"?>
<testng-results ignored="0" total="1" passed="1" failed="0" skipped="0">
  <reporter-output>
  </reporter-output>
  <suite started-at="2022-04-07T20:08:41 IST" name="Master=Suite" finished-at="2022-04-07T20:10:37 IST" duration-ms="115941">
    <groups>
    </groups>
    <test started-at="2022-04-07T20:08:41 IST" name="EdgeTest" finished-at="2022-04-07T20:10:37 IST" duration-ms="115941">
      <class name="com.sdet.stepDefination.stepDefination">
        <test-method is-config="true" signature="setupTest(java.lang.String)[pri:0, instance:com.sdet.stepDefination.stepDefination@1329eff]" started-at="2022-04-07T20:08:41 IST" name="setupTest" finished-at="2022-04-07T20:08:47 IST" duration-ms="5536" status="PASS">
          <params>
            <param index="0">
              <value>
                <![CDATA[Edge]]>
              </value>
            </param>
          </params>
          <reporter-output>
          </reporter-output>
        </test-method> <!-- setupTest -->
        <test-method signature="addProductToCart(java.lang.String)[pri:0, instance:com.sdet.stepDefination.stepDefination@1329eff]" started-at="2022-04-07T20:08:47 IST" name="addProductToCart" finished-at="2022-04-07T20:10:34 IST" duration-ms="107260" status="PASS">
          <params>
            <param index="0">
              <value>
                <![CDATA[Edge]]>
              </value>
            </param>
          </params>
          <reporter-output>
          </reporter-output>
        </test-method> <!-- addProductToCart -->
        <test-method is-config="true" signature="tearDown()[pri:0, instance:com.sdet.stepDefination.stepDefination@1329eff]" started-at="2022-04-07T20:10:34 IST" name="tearDown" finished-at="2022-04-07T20:10:37 IST" duration-ms="3027" status="PASS">
          <reporter-output>
          </reporter-output>
        </test-method> <!-- tearDown -->
      </class> <!-- com.sdet.stepDefination.stepDefination -->
    </test> <!-- EdgeTest -->
  </suite> <!-- Master=Suite -->
</testng-results>
